[0.076s] Invoking command in '/home/jinhemu/ROS2/build/examples_rclcpp_minimal_timer': CMAKE_PREFIX_PATH=/opt/ros/humble /usr/bin/cmake --build /home/jinhemu/ROS2/build/examples_rclcpp_minimal_timer -- -j12 -l12
[7.106s] [ 25%] [32mBuilding CXX object CMakeFiles/timer_lambda.dir/lambda.cpp.o[0m
[7.106s] [ 50%] [32mBuilding CXX object CMakeFiles/timer_member_function.dir/member_function.cpp.o[0m
[7.106s] gmake[2]: *** wait: 没有子进程。 停止。
[7.106s] gmake[2]: *** 正在等待未完成的任务....
[7.106s] gmake[2]: *** wait: 没有子进程。 停止。
[7.106s] gmake[1]: *** [CMakeFiles/Makefile2:165：CMakeFiles/timer_member_function.dir/all] 错误 2
[7.106s] gmake[2]: *** wait: 没有子进程。 停止。
[7.106s] gmake[2]: *** 正在等待未完成的任务....
[7.107s] gmake[2]: *** wait: 没有子进程。 停止。
[7.107s] gmake[1]: *** [CMakeFiles/Makefile2:139：CMakeFiles/timer_lambda.dir/all] 错误 2
[7.107s] gmake: *** [Makefile:146: all] 中断
[7.157s] Invoked command in '/home/jinhemu/ROS2/build/examples_rclcpp_minimal_timer' returned '-2': CMAKE_PREFIX_PATH=/opt/ros/humble /usr/bin/cmake --build /home/jinhemu/ROS2/build/examples_rclcpp_minimal_timer -- -j12 -l12
