[0.076s] Invoking command in '/home/jinhemu/ROS2/build/examples_rclcpp_minimal_timer': CMAKE_PREFIX_PATH=/opt/ros/humble /usr/bin/cmake --build /home/jinhemu/ROS2/build/examples_rclcpp_minimal_timer -- -j12 -l12
[7.106s] [ 25%] [32mBuilding CXX object CMakeFiles/timer_lambda.dir/lambda.cpp.o[0m
[7.106s] [ 50%] [32mBuilding CXX object CMakeFiles/timer_member_function.dir/member_function.cpp.o[0m
[7.106s] gmake[2]: *** wait: æ²¡æœ‰å­è¿›ç¨‹ã€‚ åœæ­¢ã€‚
[7.106s] gmake[2]: *** æ­£åœ¨ç­‰å¾…æœªå®Œæˆçš„ä»»åŠ¡....
[7.106s] gmake[2]: *** wait: æ²¡æœ‰å­è¿›ç¨‹ã€‚ åœæ­¢ã€‚
[7.106s] gmake[1]: *** [CMakeFiles/Makefile2:165ï¼šCMakeFiles/timer_member_function.dir/all] é”™è¯¯ 2
[7.106s] gmake[2]: *** wait: æ²¡æœ‰å­è¿›ç¨‹ã€‚ åœæ­¢ã€‚
[7.106s] gmake[2]: *** æ­£åœ¨ç­‰å¾…æœªå®Œæˆçš„ä»»åŠ¡....
[7.107s] gmake[2]: *** wait: æ²¡æœ‰å­è¿›ç¨‹ã€‚ åœæ­¢ã€‚
[7.107s] gmake[1]: *** [CMakeFiles/Makefile2:139ï¼šCMakeFiles/timer_lambda.dir/all] é”™è¯¯ 2
[7.107s] gmake: *** [Makefile:146: all] ä¸­æ–­
[7.157s] Invoked command in '/home/jinhemu/ROS2/build/examples_rclcpp_minimal_timer' returned '-2': CMAKE_PREFIX_PATH=/opt/ros/humble /usr/bin/cmake --build /home/jinhemu/ROS2/build/examples_rclcpp_minimal_timer -- -j12 -l12
