[0.039s] Invoking command in '/home/jinhemu/ROS2/colcon_test_ws/build/examples_rclcpp_multithreaded_executor': CMAKE_PREFIX_PATH=/opt/ros/humble /usr/bin/cmake /home/jinhemu/ROS2/colcon_test_ws/src/examples/rclcpp/executors/multithreaded_executor -DCMAKE_INSTALL_PREFIX=/home/jinhemu/ROS2/colcon_test_ws/install/examples_rclcpp_multithreaded_executor
[2.309s] -- The C compiler identification is GNU 11.4.0
[2.309s] -- The CXX compiler identification is GNU 11.4.0
[2.309s] -- Detecting C compiler ABI info
[2.309s] -- Detecting C compiler ABI info - done
[2.309s] -- Check for working C compiler: /usr/bin/cc - skipped
[2.309s] -- Detecting C compile features
[2.309s] -- Detecting C compile features - done
[2.310s] -- Detecting CXX compiler ABI info
[2.310s] -- Detecting CXX compiler ABI info - done
[2.310s] -- Check for working CXX compiler: /usr/bin/c++ - skipped
[2.310s] -- Detecting CXX compile features
[2.310s] -- Detecting CXX compile features - done
[2.310s] -- Found ament_cmake: 1.3.5 (/opt/ros/humble/share/ament_cmake/cmake)
[2.310s] -- Found Python3: /usr/bin/python3.10 (found version "3.10.12") found components: Interpreter 
[2.310s] -- Found rclcpp: 16.0.5 (/opt/ros/humble/share/rclcpp/cmake)
[2.310s] -- Found rosidl_generator_c: 3.1.5 (/opt/ros/humble/share/rosidl_generator_c/cmake)
[2.310s] -- Found rosidl_adapter: 3.1.5 (/opt/ros/humble/share/rosidl_adapter/cmake)
[2.311s] -- Found rosidl_generator_cpp: 3.1.5 (/opt/ros/humble/share/rosidl_generator_cpp/cmake)
[2.311s] -- Using all available rosidl_typesupport_c: rosidl_typesupport_fastrtps_c;rosidl_typesupport_introspection_c
[2.311s] -- Using all available rosidl_typesupport_cpp: rosidl_typesupport_fastrtps_cpp;rosidl_typesupport_introspection_cpp
[2.311s] -- Found rmw_implementation_cmake: 6.1.1 (/opt/ros/humble/share/rmw_implementation_cmake/cmake)
[2.311s] -- Found rmw_fastrtps_cpp: 6.2.3 (/opt/ros/humble/share/rmw_fastrtps_cpp/cmake)
[2.311s] -- Found OpenSSL: /usr/lib/x86_64-linux-gnu/libcrypto.so (found version "3.0.2")  
[2.311s] -- Found FastRTPS: /opt/ros/humble/include  
[2.311s] -- Using RMW implementation 'rmw_fastrtps_cpp' as default
[2.311s] -- Looking for pthread.h
[2.311s] -- Looking for pthread.h - found
[2.312s] -- Performing Test CMAKE_HAVE_LIBC_PTHREAD
[2.312s] -- Performing Test CMAKE_HAVE_LIBC_PTHREAD - Success
[2.312s] -- Found Threads: TRUE  
[2.312s] -- Found ament_lint_auto: 0.12.7 (/opt/ros/humble/share/ament_lint_auto/cmake)
[2.312s] -- Added test 'copyright' to check source files copyright and LICENSE
[2.312s] -- Added test 'cppcheck' to perform static code analysis on C / C++ code
[2.312s] -- Configured cppcheck include dirs: 
[2.312s] -- Configured cppcheck exclude dirs and/or files: 
[2.312s] -- Added test 'cpplint' to check C / C++ code against the Google style
[2.312s] -- Configured cpplint exclude dirs and/or files: 
[2.313s] -- Added test 'lint_cmake' to check CMake code style
[2.313s] -- Added test 'uncrustify' to check C / C++ code style
[2.313s] -- Configured uncrustify additional arguments: 
[2.313s] -- Added test 'xmllint' to check XML markup files
[2.313s] -- Configuring done
[2.313s] -- Generating done
[2.313s] -- Build files have been written to: /home/jinhemu/ROS2/colcon_test_ws/build/examples_rclcpp_multithreaded_executor
[2.322s] Invoked command in '/home/jinhemu/ROS2/colcon_test_ws/build/examples_rclcpp_multithreaded_executor' returned '0': CMAKE_PREFIX_PATH=/opt/ros/humble /usr/bin/cmake /home/jinhemu/ROS2/colcon_test_ws/src/examples/rclcpp/executors/multithreaded_executor -DCMAKE_INSTALL_PREFIX=/home/jinhemu/ROS2/colcon_test_ws/install/examples_rclcpp_multithreaded_executor
[2.322s] Invoking command in '/home/jinhemu/ROS2/colcon_test_ws/build/examples_rclcpp_multithreaded_executor': CMAKE_PREFIX_PATH=/opt/ros/humble /usr/bin/cmake --build /home/jinhemu/ROS2/colcon_test_ws/build/examples_rclcpp_multithreaded_executor -- -j12 -l12
[2.564s] [ 50%] [32mBuilding CXX object CMakeFiles/multithreaded_executor.dir/multithreaded_executor.cpp.o[0m
[61.300s] [01m[Kc++:[m[K [01;31m[Kfatal error: [m[KÂ∑≤ÊùÄÊ≠ª signal terminated program cc1plus
[61.306s] compilation terminated.
[61.307s] gmake[2]: *** [CMakeFiles/multithreaded_executor.dir/build.make:76ÔºöCMakeFiles/multithreaded_executor.dir/multithreaded_executor.cpp.o] ÈîôËØØ 1
[61.308s] gmake[1]: *** [CMakeFiles/Makefile2:137ÔºöCMakeFiles/multithreaded_executor.dir/all] ÈîôËØØ 2
[61.309s] gmake: *** [Makefile:146Ôºöall] ÈîôËØØ 2
[61.395s] Invoked command in '/home/jinhemu/ROS2/colcon_test_ws/build/examples_rclcpp_multithreaded_executor' returned '2': CMAKE_PREFIX_PATH=/opt/ros/humble /usr/bin/cmake --build /home/jinhemu/ROS2/colcon_test_ws/build/examples_rclcpp_multithreaded_executor -- -j12 -l12
