[01m[Kc++:[m[K [01;31m[Kfatal error: [m[Kå·²æ€æ­» signal terminated program cc1plus
compilation terminated.
gmake[2]: *** [CMakeFiles/publisher_member_function.dir/build.make:76ï¼šCMakeFiles/publisher_member_function.dir/member_function.cpp.o] é”™è¯¯ 1
gmake[1]: *** [CMakeFiles/Makefile2:173ï¼šCMakeFiles/publisher_member_function.dir/all] é”™è¯¯ 2
gmake[1]: *** æ­£åœ¨ç­‰å¾…æœªå®Œæˆçš„ä»»åŠ¡....
[01m[Kc++:[m[K [01;31m[Kfatal error: [m[Kå·²æ€æ­» signal terminated program cc1plus
compilation terminated.
gmake[2]: *** [CMakeFiles/publisher_not_composable.dir/build.make:76ï¼šCMakeFiles/publisher_not_composable.dir/not_composable.cpp.o] é”™è¯¯ 1
gmake[1]: *** [CMakeFiles/Makefile2:277ï¼šCMakeFiles/publisher_not_composable.dir/all] é”™è¯¯ 2
gmake: *** [Makefile:146ï¼šall] é”™è¯¯ 2
