[0.056s] Invoking command in '/home/jinhemu/ROS2/colcon_test_ws/build/examples_rclcpp_minimal_action_client': CMAKE_PREFIX_PATH=/opt/ros/humble /usr/bin/cmake /home/jinhemu/ROS2/colcon_test_ws/src/examples/rclcpp/actions/minimal_action_client -DCMAKE_INSTALL_PREFIX=/home/jinhemu/ROS2/colcon_test_ws/install/examples_rclcpp_minimal_action_client
[0.175s] -- The C compiler identification is GNU 11.4.0
[0.282s] -- The CXX compiler identification is GNU 11.4.0
[0.293s] -- Detecting C compiler ABI info
[0.402s] -- Detecting C compiler ABI info - done
[0.430s] -- Check for working C compiler: /usr/bin/cc - skipped
[0.430s] -- Detecting C compile features
[0.431s] -- Detecting C compile features - done
[0.431s] -- Detecting CXX compiler ABI info
[0.532s] -- Detecting CXX compiler ABI info - done
[0.547s] -- Check for working CXX compiler: /usr/bin/c++ - skipped
[0.547s] -- Detecting CXX compile features
[0.547s] -- Detecting CXX compile features - done
[0.553s] -- Found ament_cmake: 1.3.5 (/opt/ros/humble/share/ament_cmake/cmake)
[0.827s] -- Found Python3: /usr/bin/python3.10 (found version "3.10.12") found components: Interpreter 
[0.978s] -- Found example_interfaces: 0.9.3 (/opt/ros/humble/share/example_interfaces/cmake)
[1.039s] -- Found rosidl_generator_c: 3.1.5 (/opt/ros/humble/share/rosidl_generator_c/cmake)
[1.045s] -- Found rosidl_adapter: 3.1.5 (/opt/ros/humble/share/rosidl_adapter/cmake)
[1.061s] -- Found rosidl_generator_cpp: 3.1.5 (/opt/ros/humble/share/rosidl_generator_cpp/cmake)
[1.085s] -- Using all available rosidl_typesupport_c: rosidl_typesupport_fastrtps_c;rosidl_typesupport_introspection_c
[1.120s] -- Using all available rosidl_typesupport_cpp: rosidl_typesupport_fastrtps_cpp;rosidl_typesupport_introspection_cpp
[1.406s] -- Found rclcpp: 16.0.5 (/opt/ros/humble/share/rclcpp/cmake)
[1.508s] -- Found rmw_implementation_cmake: 6.1.1 (/opt/ros/humble/share/rmw_implementation_cmake/cmake)
[1.511s] -- Found rmw_fastrtps_cpp: 6.2.3 (/opt/ros/humble/share/rmw_fastrtps_cpp/cmake)
[1.678s] -- Found OpenSSL: /usr/lib/x86_64-linux-gnu/libcrypto.so (found version "3.0.2")  
[1.716s] -- Found FastRTPS: /opt/ros/humble/include  
[1.791s] -- Using RMW implementation 'rmw_fastrtps_cpp' as default
[1.801s] -- Looking for pthread.h
[1.918s] -- Looking for pthread.h - found
[1.919s] -- Performing Test CMAKE_HAVE_LIBC_PTHREAD
[2.073s] -- Performing Test CMAKE_HAVE_LIBC_PTHREAD - Success
[2.075s] -- Found Threads: TRUE  
[2.355s] -- Found rclcpp_action: 16.0.5 (/opt/ros/humble/share/rclcpp_action/cmake)
[2.406s] -- Found ament_lint_auto: 0.12.7 (/opt/ros/humble/share/ament_lint_auto/cmake)
[2.592s] -- Added test 'copyright' to check source files copyright and LICENSE
[2.596s] -- Added test 'cppcheck' to perform static code analysis on C / C++ code
[2.596s] -- Configured cppcheck include dirs: 
[2.596s] -- Configured cppcheck exclude dirs and/or files: 
[2.602s] -- Added test 'cpplint' to check C / C++ code against the Google style
[2.603s] -- Configured cpplint exclude dirs and/or files: 
[2.603s] -- Added test 'lint_cmake' to check CMake code style
[2.605s] -- Added test 'uncrustify' to check C / C++ code style
[2.606s] -- Configured uncrustify additional arguments: 
[2.608s] -- Added test 'xmllint' to check XML markup files
[2.610s] -- Configuring done
[2.683s] -- Generating done
[2.687s] -- Build files have been written to: /home/jinhemu/ROS2/colcon_test_ws/build/examples_rclcpp_minimal_action_client
[2.760s] Invoked command in '/home/jinhemu/ROS2/colcon_test_ws/build/examples_rclcpp_minimal_action_client' returned '0': CMAKE_PREFIX_PATH=/opt/ros/humble /usr/bin/cmake /home/jinhemu/ROS2/colcon_test_ws/src/examples/rclcpp/actions/minimal_action_client -DCMAKE_INSTALL_PREFIX=/home/jinhemu/ROS2/colcon_test_ws/install/examples_rclcpp_minimal_action_client
[2.761s] Invoking command in '/home/jinhemu/ROS2/colcon_test_ws/build/examples_rclcpp_minimal_action_client': CMAKE_PREFIX_PATH=/opt/ros/humble /usr/bin/cmake --build /home/jinhemu/ROS2/colcon_test_ws/build/examples_rclcpp_minimal_action_client -- -j12 -l12
[76.402s] [ 25%] [32mBuilding CXX object CMakeFiles/action_client_member_functions.dir/member_functions.cpp.o[0m
[76.402s] [ 25%] [32mBuilding CXX object CMakeFiles/action_client_not_composable.dir/not_composable.cpp.o[0m
[76.402s] [ 37%] [32mBuilding CXX object CMakeFiles/action_client_not_composable_with_feedback.dir/not_composable_with_feedback.cpp.o[0m
[76.402s] [ 50%] [32mBuilding CXX object CMakeFiles/action_client_not_composable_with_cancel.dir/not_composable_with_cancel.cpp.o[0m
[76.402s] [01m[Kc++:[m[K [01;31m[Kfatal error: [m[KÂ∑≤ÊùÄÊ≠ª signal terminated program cc1plus
[76.403s] compilation terminated.
[76.403s] gmake[2]: *** [CMakeFiles/action_client_member_functions.dir/build.make:76ÔºöCMakeFiles/action_client_member_functions.dir/member_functions.cpp.o] ÈîôËØØ 1
[76.403s] gmake[1]: *** [CMakeFiles/Makefile2:143ÔºöCMakeFiles/action_client_member_functions.dir/all] ÈîôËØØ 2
[76.403s] gmake[1]: *** Ê≠£Âú®Á≠âÂæÖÊú™ÂÆåÊàêÁöÑ‰ªªÂä°....
[76.403s] [01m[Kc++:[m[K [01;31m[Kfatal error: [m[KÂ∑≤ÊùÄÊ≠ª signal terminated program cc1plus
[76.403s] compilation terminated.
[76.403s] gmake[2]: *** [CMakeFiles/action_client_not_composable_with_feedback.dir/build.make:76ÔºöCMakeFiles/action_client_not_composable_with_feedback.dir/not_composable_with_feedback.cpp.o] ÈîôËØØ 1
[76.403s] gmake[1]: *** [CMakeFiles/Makefile2:221ÔºöCMakeFiles/action_client_not_composable_with_feedback.dir/all] ÈîôËØØ 2
[76.403s] [01m[Kc++:[m[K [01;31m[Kfatal error: [m[KÂ∑≤ÊùÄÊ≠ª signal terminated program cc1plus
[76.403s] compilation terminated.
[76.403s] gmake[2]: *** [CMakeFiles/action_client_not_composable.dir/build.make:76ÔºöCMakeFiles/action_client_not_composable.dir/not_composable.cpp.o] ÈîôËØØ 1
[76.404s] gmake[1]: *** [CMakeFiles/Makefile2:169ÔºöCMakeFiles/action_client_not_composable.dir/all] ÈîôËØØ 2
[78.706s] [ 62%] [32m[1mLinking CXX executable action_client_not_composable_with_cancel[0m
[79.561s] [ 62%] Built target action_client_not_composable_with_cancel
[79.564s] gmake: *** [Makefile:146Ôºöall] ÈîôËØØ 2
