[0.056s] Invoking command in '/home/jinhemu/ROS2/build/examples_rclcpp_minimal_action_server': CMAKE_PREFIX_PATH=/opt/ros/humble /usr/bin/cmake --build /home/jinhemu/ROS2/build/examples_rclcpp_minimal_action_server -- -j12 -l12
[0.189s] [ 25%] [32mBuilding CXX object CMakeFiles/action_server_not_composable.dir/not_composable.cpp.o[0m
[0.189s] [ 50%] [32mBuilding CXX object CMakeFiles/action_server_member_functions.dir/member_functions.cpp.o[0m
[7.028s] gmake[2]: *** [CMakeFiles/action_server_member_functions.dir/build.make:76: CMakeFiles/action_server_member_functions.dir/member_functions.cpp.o] ä¸­æ–­
[7.035s] gmake[1]: *** [CMakeFiles/Makefile2:139: CMakeFiles/action_server_member_functions.dir/all] ä¸­æ–­
[7.035s] gmake[2]: *** wait: æ²¡æœ‰å­è¿›ç¨‹ã€‚ åœæ­¢ã€‚
[7.035s] gmake[2]: *** æ­£åœ¨ç­‰å¾…æœªå®Œæˆçš„ä»»åŠ¡....
[7.035s] gmake[2]: *** wait: æ²¡æœ‰å­è¿›ç¨‹ã€‚ åœæ­¢ã€‚
[7.043s] gmake[1]: *** [CMakeFiles/Makefile2:165ï¼šCMakeFiles/action_server_not_composable.dir/all] é”™è¯¯ 2
[7.043s] gmake: *** [Makefile:146: all] ä¸­æ–­
[7.196s] Invoked command in '/home/jinhemu/ROS2/build/examples_rclcpp_minimal_action_server' returned '-2': CMAKE_PREFIX_PATH=/opt/ros/humble /usr/bin/cmake --build /home/jinhemu/ROS2/build/examples_rclcpp_minimal_action_server -- -j12 -l12
