[0.194s] Invoking command in '/home/jinhemu/ROS2/town_ws/build/village_wang': CMAKE_PREFIX_PATH=${CMAKE_PREFIX_PATH}:/home/jinhemu/ROS2/town_ws/install/village_li:/opt/ros/humble /usr/bin/cmake --build /home/jinhemu/ROS2/town_ws/build/village_wang -- -j12 -l12
[0.236s] [ 50%] [32mBuilding CXX object CMakeFiles/wang2_node.dir/src/wang2.cpp.o[0m
[1.833s] [01m[K/home/jinhemu/ROS2/town_ws/src/village_wang/src/wang2.cpp:9:5:[m[K [01;31m[Kerror: [m[Kextra qualification ‚Äò[01m[KSingleDogNode::[m[K‚Äô on member ‚Äò[01m[KSingleDogNode[m[K‚Äô [[01;31m[K]8;;https://gcc.gnu.org/onlinedocs/gcc/Warning-Options.html#index-fpermissive-fpermissive]8;;[m[K]
[1.833s]     9 |     [01;31m[KSingleDogNode[m[K::SingleDogNode(std::string name):Node(name)
[1.833s]       |     [01;31m[K^~~~~~~~~~~~~[m[K
[1.834s] In file included from [01m[K/opt/ros/humble/include/rclcpp/rclcpp/logging.hpp:24[m[K,
[1.834s]                  from [01m[K/opt/ros/humble/include/rclcpp/rclcpp/client.hpp:40[m[K,
[1.834s]                  from [01m[K/opt/ros/humble/include/rclcpp/rclcpp/callback_group.hpp:24[m[K,
[1.834s]                  from [01m[K/opt/ros/humble/include/rclcpp/rclcpp/any_executable.hpp:20[m[K,
[1.834s]                  from [01m[K/opt/ros/humble/include/rclcpp/rclcpp/memory_strategy.hpp:25[m[K,
[1.834s]                  from [01m[K/opt/ros/humble/include/rclcpp/rclcpp/memory_strategies.hpp:18[m[K,
[1.834s]                  from [01m[K/opt/ros/humble/include/rclcpp/rclcpp/executor_options.hpp:20[m[K,
[1.834s]                  from [01m[K/opt/ros/humble/include/rclcpp/rclcpp/executor.hpp:37[m[K,
[1.834s]                  from [01m[K/opt/ros/humble/include/rclcpp/rclcpp/executors/multi_threaded_executor.hpp:25[m[K,
[1.834s]                  from [01m[K/opt/ros/humble/include/rclcpp/rclcpp/executors.hpp:21[m[K,
[1.834s]                  from [01m[K/opt/ros/humble/include/rclcpp/rclcpp/rclcpp.hpp:155[m[K,
[1.834s]                  from [01m[K/home/jinhemu/ROS2/town_ws/src/village_wang/src/wang2.cpp:1[m[K:
[1.835s] [01m[K/home/jinhemu/ROS2/town_ws/src/village_wang/src/wang2.cpp:[m[K In constructor ‚Äò[01m[KSingleDogNode::SingleDogNode(std::string)[m[K‚Äô:
[1.835s] [01m[K/home/jinhemu/ROS2/town_ws/src/village_wang/src/wang2.cpp:11:40:[m[K [01;35m[Kwarning: [m[Kformat ‚Äò[01m[K%s[m[K‚Äô expects argument of type ‚Äò[01m[Kchar*[m[K‚Äô, but argument 5 has type ‚Äò[01m[Kstd::string[m[K‚Äô {aka ‚Äò[01m[Kstd::__cxx11::basic_string<char>[m[K‚Äô} [[01;35m[K]8;;https://gcc.gnu.org/onlinedocs/gcc/Warning-Options.html#index-Wformat=-Wformat=]8;;[m[K]
[1.835s]    11 |         RCLCPP_INFO(this->get_logger(),[01;35m[K"Â§ßÂÆ∂Â•ΩÊàëÊòØÂçïË∫´Áãó%s."[m[K, name);
[1.835s]       |                                        [01;35m[K^~~~~~~~~~~~~~~~~~~~~[m[K
[1.835s] [01m[K/home/jinhemu/ROS2/town_ws/src/village_wang/src/wang2.cpp:11:58:[m[K [01;36m[Knote: [m[Kformat string is defined here
[1.835s]    11 |         RCLCPP_INFO(this->get_logger(),"Â§ßÂÆ∂Â•ΩÊàëÊòØÂçïË∫´Áãó[01;36m[K%s[m[K.", name);
[1.835s]       |                                                         [01;36m[K~^[m[K
[1.835s]       |                                                          [01;36m[K|[m[K
[1.835s]       |                                                          [01;36m[Kchar*[m[K
[2.141s] gmake[2]: *** [CMakeFiles/wang2_node.dir/build.make:76ÔºöCMakeFiles/wang2_node.dir/src/wang2.cpp.o] ÈîôËØØ 1
[2.141s] gmake[1]: *** [CMakeFiles/Makefile2:137ÔºöCMakeFiles/wang2_node.dir/all] ÈîôËØØ 2
[2.141s] gmake: *** [Makefile:146Ôºöall] ÈîôËØØ 2
[2.143s] Invoked command in '/home/jinhemu/ROS2/town_ws/build/village_wang' returned '2': CMAKE_PREFIX_PATH=${CMAKE_PREFIX_PATH}:/home/jinhemu/ROS2/town_ws/install/village_li:/opt/ros/humble /usr/bin/cmake --build /home/jinhemu/ROS2/town_ws/build/village_wang -- -j12 -l12
