[0.058s] Invoking command in '/home/jinhemu/ROS2/colcon_test_ws/build/examples_rclcpp_cbg_executor': CMAKE_PREFIX_PATH=/opt/ros/humble /usr/bin/cmake /home/jinhemu/ROS2/colcon_test_ws/src/examples/rclcpp/executors/cbg_executor -DCMAKE_INSTALL_PREFIX=/home/jinhemu/ROS2/colcon_test_ws/install/examples_rclcpp_cbg_executor
[0.179s] -- The C compiler identification is GNU 11.4.0
[0.286s] -- The CXX compiler identification is GNU 11.4.0
[0.296s] -- Detecting C compiler ABI info
[0.402s] -- Detecting C compiler ABI info - done
[0.433s] -- Check for working C compiler: /usr/bin/cc - skipped
[0.433s] -- Detecting C compile features
[0.434s] -- Detecting C compile features - done
[0.435s] -- Detecting CXX compiler ABI info
[0.540s] -- Detecting CXX compiler ABI info - done
[0.553s] -- Check for working CXX compiler: /usr/bin/c++ - skipped
[0.553s] -- Detecting CXX compile features
[0.553s] -- Detecting CXX compile features - done
[0.557s] -- Found ament_cmake: 1.3.5 (/opt/ros/humble/share/ament_cmake/cmake)
[0.908s] -- Found Python3: /usr/bin/python3.10 (found version "3.10.12") found components: Interpreter 
[1.038s] -- Found rclcpp: 16.0.5 (/opt/ros/humble/share/rclcpp/cmake)
[1.098s] -- Found rosidl_generator_c: 3.1.5 (/opt/ros/humble/share/rosidl_generator_c/cmake)
[1.104s] -- Found rosidl_adapter: 3.1.5 (/opt/ros/humble/share/rosidl_adapter/cmake)
[1.117s] -- Found rosidl_generator_cpp: 3.1.5 (/opt/ros/humble/share/rosidl_generator_cpp/cmake)
[1.139s] -- Using all available rosidl_typesupport_c: rosidl_typesupport_fastrtps_c;rosidl_typesupport_introspection_c
[1.169s] -- Using all available rosidl_typesupport_cpp: rosidl_typesupport_fastrtps_cpp;rosidl_typesupport_introspection_cpp
[1.284s] -- Found rmw_implementation_cmake: 6.1.1 (/opt/ros/humble/share/rmw_implementation_cmake/cmake)
[1.288s] -- Found rmw_fastrtps_cpp: 6.2.3 (/opt/ros/humble/share/rmw_fastrtps_cpp/cmake)
[1.432s] -- Found OpenSSL: /usr/lib/x86_64-linux-gnu/libcrypto.so (found version "3.0.2")  
[1.474s] -- Found FastRTPS: /opt/ros/humble/include  
[1.557s] -- Using RMW implementation 'rmw_fastrtps_cpp' as default
[1.571s] -- Looking for pthread.h
[1.682s] -- Looking for pthread.h - found
[1.682s] -- Performing Test CMAKE_HAVE_LIBC_PTHREAD
[1.802s] -- Performing Test CMAKE_HAVE_LIBC_PTHREAD - Success
[1.804s] -- Found Threads: TRUE  
[2.090s] -- Found ament_lint_auto: 0.12.7 (/opt/ros/humble/share/ament_lint_auto/cmake)
[2.244s] -- Added test 'copyright' to check source files copyright and LICENSE
[2.246s] -- Added test 'cppcheck' to perform static code analysis on C / C++ code
[2.247s] -- Configured cppcheck include dirs: /home/jinhemu/ROS2/colcon_test_ws/src/examples/rclcpp/executors/cbg_executor/include
[2.247s] -- Configured cppcheck exclude dirs and/or files: 
[2.249s] -- Added test 'cpplint' to check C / C++ code against the Google style
[2.249s] -- Configured cpplint exclude dirs and/or files: 
[2.250s] -- Added test 'lint_cmake' to check CMake code style
[2.252s] -- Added test 'uncrustify' to check C / C++ code style
[2.253s] -- Configured uncrustify additional arguments: 
[2.254s] -- Added test 'xmllint' to check XML markup files
[2.284s] -- Configuring done
[2.324s] -- Generating done
[2.328s] -- Build files have been written to: /home/jinhemu/ROS2/colcon_test_ws/build/examples_rclcpp_cbg_executor
[2.358s] Invoked command in '/home/jinhemu/ROS2/colcon_test_ws/build/examples_rclcpp_cbg_executor' returned '0': CMAKE_PREFIX_PATH=/opt/ros/humble /usr/bin/cmake /home/jinhemu/ROS2/colcon_test_ws/src/examples/rclcpp/executors/cbg_executor -DCMAKE_INSTALL_PREFIX=/home/jinhemu/ROS2/colcon_test_ws/install/examples_rclcpp_cbg_executor
[2.359s] Invoking command in '/home/jinhemu/ROS2/colcon_test_ws/build/examples_rclcpp_cbg_executor': CMAKE_PREFIX_PATH=/opt/ros/humble /usr/bin/cmake --build /home/jinhemu/ROS2/colcon_test_ws/build/examples_rclcpp_cbg_executor -- -j12 -l12
[2.484s] [ 10%] [32mBuilding CXX object CMakeFiles/ping.dir/src/ping.cpp.o[0m
[2.484s] [ 20%] [32mBuilding CXX object CMakeFiles/ping.dir/src/examples_rclcpp_cbg_executor/ping_node.cpp.o[0m
[2.484s] [ 30%] [32mBuilding CXX object CMakeFiles/ping_pong.dir/src/examples_rclcpp_cbg_executor/ping_node.cpp.o[0m
[2.484s] [ 40%] [32mBuilding CXX object CMakeFiles/ping_pong.dir/src/ping_pong.cpp.o[0m
[2.520s] [ 50%] [32mBuilding CXX object CMakeFiles/ping_pong.dir/src/examples_rclcpp_cbg_executor/pong_node.cpp.o[0m
[2.532s] [ 60%] [32mBuilding CXX object CMakeFiles/pong.dir/src/examples_rclcpp_cbg_executor/pong_node.cpp.o[0m
[2.555s] [ 70%] [32mBuilding CXX object CMakeFiles/pong.dir/src/pong.cpp.o[0m
[32.895s] [01m[Kc++:[m[K [01;31m[Kfatal error: [m[Kå·²æ€æ­» signal terminated program cc1plus
[32.903s] compilation terminated.
[32.904s] gmake[2]: *** [CMakeFiles/pong.dir/build.make:76ï¼šCMakeFiles/pong.dir/src/pong.cpp.o] é”™è¯¯ 1
[32.906s] gmake[2]: *** æ­£åœ¨ç­‰å¾…æœªå®Œæˆçš„ä»»åŠ¡....
[51.046s] [01m[Kc++:[m[K [01;31m[Kfatal error: [m[Kå·²æ€æ­» signal terminated program cc1plus
[51.052s] compilation terminated.
[51.052s] gmake[2]: *** [CMakeFiles/ping.dir/build.make:90ï¼šCMakeFiles/ping.dir/src/examples_rclcpp_cbg_executor/ping_node.cpp.o] é”™è¯¯ 1
[51.054s] gmake[2]: *** æ­£åœ¨ç­‰å¾…æœªå®Œæˆçš„ä»»åŠ¡....
[68.357s] gmake[1]: *** [CMakeFiles/Makefile2:141ï¼šCMakeFiles/ping.dir/all] é”™è¯¯ 2
[68.357s] gmake[1]: *** æ­£åœ¨ç­‰å¾…æœªå®Œæˆçš„ä»»åŠ¡....
[75.347s] [01m[Kc++:[m[K [01;31m[Kfatal error: [m[Kå·²æ€æ­» signal terminated program cc1plus
[75.348s] compilation terminated.
[75.353s] gmake[2]: *** [CMakeFiles/ping_pong.dir/build.make:104ï¼šCMakeFiles/ping_pong.dir/src/examples_rclcpp_cbg_executor/pong_node.cpp.o] é”™è¯¯ 1
[75.357s] gmake[2]: *** æ­£åœ¨ç­‰å¾…æœªå®Œæˆçš„ä»»åŠ¡....
[90.771s] gmake[1]: *** [CMakeFiles/Makefile2:167ï¼šCMakeFiles/pong.dir/all] é”™è¯¯ 2
[91.335s] gmake[1]: *** [CMakeFiles/Makefile2:193ï¼šCMakeFiles/ping_pong.dir/all] é”™è¯¯ 2
[91.336s] gmake: *** [Makefile:146ï¼šall] é”™è¯¯ 2
