[0.059s] Invoking command in '/home/jinhemu/ROS2/build/examples_rclcpp_cbg_executor': CMAKE_PREFIX_PATH=/opt/ros/humble /usr/bin/cmake --build /home/jinhemu/ROS2/build/examples_rclcpp_cbg_executor -- -j12 -l12
[0.153s] [ 10%] [32mBuilding CXX object CMakeFiles/ping.dir/src/ping.cpp.o[0m
[0.153s] [ 20%] [32mBuilding CXX object CMakeFiles/ping.dir/src/examples_rclcpp_cbg_executor/ping_node.cpp.o[0m
[0.154s] [ 30%] [32mBuilding CXX object CMakeFiles/pong.dir/src/examples_rclcpp_cbg_executor/pong_node.cpp.o[0m
[0.154s] [ 40%] [32mBuilding CXX object CMakeFiles/ping_pong.dir/src/ping_pong.cpp.o[0m
[0.154s] [ 50%] [32mBuilding CXX object CMakeFiles/ping_pong.dir/src/examples_rclcpp_cbg_executor/pong_node.cpp.o[0m
[0.154s] [ 60%] [32mBuilding CXX object CMakeFiles/ping_pong.dir/src/examples_rclcpp_cbg_executor/ping_node.cpp.o[0m
[0.154s] [ 70%] [32mBuilding CXX object CMakeFiles/pong.dir/src/pong.cpp.o[0m
[7.032s] gmake[2]: *** [CMakeFiles/ping.dir/build.make:76: CMakeFiles/ping.dir/src/ping.cpp.o] ä¸­æ–­
[7.033s] gmake[2]: *** [CMakeFiles/pong.dir/build.make:76: CMakeFiles/pong.dir/src/pong.cpp.o] ä¸­æ–­
[7.036s] gmake[2]: *** [CMakeFiles/ping.dir/build.make:90: CMakeFiles/ping.dir/src/examples_rclcpp_cbg_executor/ping_node.cpp.o] ä¸­æ–­
[7.037s] gmake[1]: *** [CMakeFiles/Makefile2:141: CMakeFiles/ping.dir/all] ä¸­æ–­
[7.041s] gmake[2]: *** wait: æ²¡æœ‰å­è¿›ç¨‹ã€‚ åœæ­¢ã€‚
[7.041s] gmake[2]: *** æ­£åœ¨ç­‰å¾…æœªå®Œæˆçš„ä»»åŠ¡....
[7.041s] gmake[2]: *** wait: æ²¡æœ‰å­è¿›ç¨‹ã€‚ åœæ­¢ã€‚
[7.043s] gmake[2]: *** [CMakeFiles/ping_pong.dir/build.make:104: CMakeFiles/ping_pong.dir/src/examples_rclcpp_cbg_executor/pong_node.cpp.o] ä¸­æ–­
[7.043s] gmake[2]: *** [CMakeFiles/ping_pong.dir/build.make:76: CMakeFiles/ping_pong.dir/src/ping_pong.cpp.o] ä¸­æ–­
[7.043s] gmake[2]: *** wait: æ²¡æœ‰å­è¿›ç¨‹ã€‚ åœæ­¢ã€‚
[7.043s] gmake[2]: *** æ­£åœ¨ç­‰å¾…æœªå®Œæˆçš„ä»»åŠ¡....
[7.043s] gmake[2]: *** wait: æ²¡æœ‰å­è¿›ç¨‹ã€‚ åœæ­¢ã€‚
[7.043s] gmake[1]: *** [CMakeFiles/Makefile2:167ï¼šCMakeFiles/pong.dir/all] é”™è¯¯ 2
[7.043s] gmake[1]: *** [CMakeFiles/Makefile2:193ï¼šCMakeFiles/ping_pong.dir/all] é”™è¯¯ 2
[7.051s] gmake: *** [Makefile:146: all] ä¸­æ–­
[7.205s] Invoked command in '/home/jinhemu/ROS2/build/examples_rclcpp_cbg_executor' returned '-2': CMAKE_PREFIX_PATH=/opt/ros/humble /usr/bin/cmake --build /home/jinhemu/ROS2/build/examples_rclcpp_cbg_executor -- -j12 -l12
