[0.045s] Invoking command in '/home/jinhemu/ROS2/colcon_test_ws/build/examples_rclcpp_minimal_subscriber': CMAKE_PREFIX_PATH=/opt/ros/humble /usr/bin/cmake /home/jinhemu/ROS2/colcon_test_ws/src/examples/rclcpp/topics/minimal_subscriber -DCMAKE_INSTALL_PREFIX=/home/jinhemu/ROS2/colcon_test_ws/install/examples_rclcpp_minimal_subscriber
[2.288s] -- The C compiler identification is GNU 11.4.0
[2.288s] -- The CXX compiler identification is GNU 11.4.0
[2.289s] -- Detecting C compiler ABI info
[2.289s] -- Detecting C compiler ABI info - done
[2.289s] -- Check for working C compiler: /usr/bin/cc - skipped
[2.289s] -- Detecting C compile features
[2.289s] -- Detecting C compile features - done
[2.289s] -- Detecting CXX compiler ABI info
[2.289s] -- Detecting CXX compiler ABI info - done
[2.289s] -- Check for working CXX compiler: /usr/bin/c++ - skipped
[2.289s] -- Detecting CXX compile features
[2.289s] -- Detecting CXX compile features - done
[2.290s] -- Found ament_cmake: 1.3.5 (/opt/ros/humble/share/ament_cmake/cmake)
[2.290s] -- Found Python3: /usr/bin/python3.10 (found version "3.10.12") found components: Interpreter 
[2.290s] -- Found rclcpp: 16.0.5 (/opt/ros/humble/share/rclcpp/cmake)
[2.290s] -- Found rosidl_generator_c: 3.1.5 (/opt/ros/humble/share/rosidl_generator_c/cmake)
[2.290s] -- Found rosidl_adapter: 3.1.5 (/opt/ros/humble/share/rosidl_adapter/cmake)
[2.290s] -- Found rosidl_generator_cpp: 3.1.5 (/opt/ros/humble/share/rosidl_generator_cpp/cmake)
[2.290s] -- Using all available rosidl_typesupport_c: rosidl_typesupport_fastrtps_c;rosidl_typesupport_introspection_c
[2.290s] -- Using all available rosidl_typesupport_cpp: rosidl_typesupport_fastrtps_cpp;rosidl_typesupport_introspection_cpp
[2.290s] -- Found rmw_implementation_cmake: 6.1.1 (/opt/ros/humble/share/rmw_implementation_cmake/cmake)
[2.290s] -- Found rmw_fastrtps_cpp: 6.2.3 (/opt/ros/humble/share/rmw_fastrtps_cpp/cmake)
[2.291s] -- Found OpenSSL: /usr/lib/x86_64-linux-gnu/libcrypto.so (found version "3.0.2")  
[2.291s] -- Found FastRTPS: /opt/ros/humble/include  
[2.291s] -- Using RMW implementation 'rmw_fastrtps_cpp' as default
[2.291s] -- Looking for pthread.h
[2.291s] -- Looking for pthread.h - found
[2.291s] -- Performing Test CMAKE_HAVE_LIBC_PTHREAD
[2.291s] -- Performing Test CMAKE_HAVE_LIBC_PTHREAD - Success
[2.291s] -- Found Threads: TRUE  
[2.291s] -- Found rclcpp_components: 16.0.5 (/opt/ros/humble/share/rclcpp_components/cmake)
[2.291s] -- Found ament_lint_auto: 0.12.7 (/opt/ros/humble/share/ament_lint_auto/cmake)
[2.353s] -- Added test 'copyright' to check source files copyright and LICENSE
[2.355s] -- Added test 'cppcheck' to perform static code analysis on C / C++ code
[2.356s] -- Configured cppcheck include dirs: 
[2.356s] -- Configured cppcheck exclude dirs and/or files: 
[2.357s] -- Added test 'cpplint' to check C / C++ code against the Google style
[2.357s] -- Configured cpplint exclude dirs and/or files: 
[2.358s] -- Added test 'lint_cmake' to check CMake code style
[2.360s] -- Added test 'uncrustify' to check C / C++ code style
[2.360s] -- Configured uncrustify additional arguments: 
[2.361s] -- Added test 'xmllint' to check XML markup files
[2.363s] -- Configuring done
[2.423s] -- Generating done
[2.428s] -- Build files have been written to: /home/jinhemu/ROS2/colcon_test_ws/build/examples_rclcpp_minimal_subscriber
[2.485s] Invoked command in '/home/jinhemu/ROS2/colcon_test_ws/build/examples_rclcpp_minimal_subscriber' returned '0': CMAKE_PREFIX_PATH=/opt/ros/humble /usr/bin/cmake /home/jinhemu/ROS2/colcon_test_ws/src/examples/rclcpp/topics/minimal_subscriber -DCMAKE_INSTALL_PREFIX=/home/jinhemu/ROS2/colcon_test_ws/install/examples_rclcpp_minimal_subscriber
[2.487s] Invoking command in '/home/jinhemu/ROS2/colcon_test_ws/build/examples_rclcpp_minimal_subscriber': CMAKE_PREFIX_PATH=/opt/ros/humble /usr/bin/cmake --build /home/jinhemu/ROS2/colcon_test_ws/build/examples_rclcpp_minimal_subscriber -- -j12 -l12
[2.812s] [  4%] [32mBuilding CXX object CMakeFiles/subscriber_lambda.dir/lambda.cpp.o[0m
[2.829s] [  8%] [32mBuilding CXX object CMakeFiles/subscriber_member_function.dir/member_function.cpp.o[0m
[2.888s] [ 12%] [32mBuilding CXX object CMakeFiles/subscriber_member_function_with_type_adapter.dir/member_function_with_type_adapter.cpp.o[0m
[2.889s] [ 16%] [32mBuilding CXX object CMakeFiles/subscriber_member_function_with_topic_statistics.dir/member_function_with_topic_statistics.cpp.o[0m
[2.909s] [ 20%] [32mBuilding CXX object CMakeFiles/subscriber_member_function_with_unique_network_flow_endpoints.dir/member_function_with_unique_network_flow_endpoints.cpp.o[0m
[2.935s] [ 25%] [32mBuilding CXX object CMakeFiles/subscriber_not_composable.dir/not_composable.cpp.o[0m
[2.962s] [ 29%] [32mBuilding CXX object CMakeFiles/wait_set_subscriber.dir/rclcpp_components/node_main_wait_set_subscriber.cpp.o[0m
[2.979s] [ 33%] [32mBuilding CXX object CMakeFiles/wait_set_subscriber_library.dir/wait_set_subscriber.cpp.o[0m
[3.027s] [ 37%] [32mBuilding CXX object CMakeFiles/subscriber_content_filtering.dir/content_filtering.cpp.o[0m
[3.027s] [ 41%] [32mBuilding CXX object CMakeFiles/wait_set_subscriber_library.dir/static_wait_set_subscriber.cpp.o[0m
[3.027s] [ 45%] [32mBuilding CXX object CMakeFiles/static_wait_set_subscriber.dir/rclcpp_components/node_main_static_wait_set_subscriber.cpp.o[0m
[3.057s] [ 50%] [32mBuilding CXX object CMakeFiles/time_triggered_wait_set_subscriber.dir/rclcpp_components/node_main_time_triggered_wait_set_subscriber.cpp.o[0m
[31.958s] [01m[Kc++:[m[K [01;31m[Kfatal error: [m[KÂ∑≤ÊùÄÊ≠ª signal terminated program cc1plus
[31.960s] compilation terminated.
[31.960s] gmake[2]: *** [CMakeFiles/subscriber_member_function_with_unique_network_flow_endpoints.dir/build.make:76ÔºöCMakeFiles/subscriber_member_function_with_unique_network_flow_endpoints.dir/member_function_with_unique_network_flow_endpoints.cpp.o] ÈîôËØØ 1
[31.961s] gmake[1]: *** [CMakeFiles/Makefile2:261ÔºöCMakeFiles/subscriber_member_function_with_unique_network_flow_endpoints.dir/all] ÈîôËØØ 2
[31.961s] gmake[1]: *** Ê≠£Âú®Á≠âÂæÖÊú™ÂÆåÊàêÁöÑ‰ªªÂä°....
[53.005s] [01m[Kc++:[m[K [01;31m[Kfatal error: [m[KÂ∑≤ÊùÄÊ≠ª signal terminated program cc1plus
[53.021s] compilation terminated.
[53.035s] gmake[2]: *** [CMakeFiles/subscriber_not_composable.dir/build.make:76ÔºöCMakeFiles/subscriber_not_composable.dir/not_composable.cpp.o] ÈîôËØØ 1
[53.037s] gmake[1]: *** [CMakeFiles/Makefile2:287ÔºöCMakeFiles/subscriber_not_composable.dir/all] ÈîôËØØ 2
[75.562s] [ 54%] [32m[1mLinking CXX executable wait_set_subscriber[0m
[76.006s] [ 58%] [32m[1mLinking CXX executable time_triggered_wait_set_subscriber[0m
[76.361s] [ 58%] Built target wait_set_subscriber
[76.881s] [ 58%] Built target time_triggered_wait_set_subscriber
[77.705s] [ 62%] [32m[1mLinking CXX executable static_wait_set_subscriber[0m
[78.397s] [ 62%] Built target static_wait_set_subscriber
[88.431s] [ 66%] [32m[1mLinking CXX executable subscriber_member_function_with_topic_statistics[0m
[88.693s] [ 70%] [32m[1mLinking CXX executable subscriber_lambda[0m
[89.159s] [ 70%] Built target subscriber_member_function_with_topic_statistics
[89.547s] [ 70%] Built target subscriber_lambda
[91.023s] [ 75%] [32m[1mLinking CXX executable subscriber_content_filtering[0m
[91.258s] [ 79%] [32m[1mLinking CXX executable subscriber_member_function[0m
[91.963s] [ 79%] Built target subscriber_content_filtering
[92.070s] [ 83%] [32m[1mLinking CXX executable subscriber_member_function_with_type_adapter[0m
[92.133s] [ 83%] Built target subscriber_member_function
[92.583s] [ 87%] [32mBuilding CXX object CMakeFiles/wait_set_subscriber_library.dir/time_triggered_wait_set_subscriber.cpp.o[0m
[92.859s] [ 87%] Built target subscriber_member_function_with_type_adapter
[102.329s] [ 91%] [32m[1mLinking CXX shared library libwait_set_subscriber_library.so[0m
[103.330s] [ 91%] Built target wait_set_subscriber_library
[103.334s] gmake: *** [Makefile:146Ôºöall] ÈîôËØØ 2
