[01m[Kc++:[m[K [01;31m[Kfatal error: [m[K已杀死 signal terminated program cc1plus
compilation terminated.
gmake[2]: *** [CMakeFiles/timer_member_function.dir/build.make:76：CMakeFiles/timer_member_function.dir/member_function.cpp.o] 错误 1
gmake[1]: *** [CMakeFiles/Makefile2:165：CMakeFiles/timer_member_function.dir/all] 错误 2
gmake[1]: *** 正在等待未完成的任务....
gmake: *** [Makefile:146：all] 错误 2
