[0.042s] Invoking command in '/home/jinhemu/ROS2/colcon_test_ws/build/examples_rclcpp_minimal_timer': CMAKE_PREFIX_PATH=/opt/ros/humble /usr/bin/cmake /home/jinhemu/ROS2/colcon_test_ws/src/examples/rclcpp/timers/minimal_timer -DCMAKE_INSTALL_PREFIX=/home/jinhemu/ROS2/colcon_test_ws/install/examples_rclcpp_minimal_timer
[2.306s] -- The C compiler identification is GNU 11.4.0
[2.306s] -- The CXX compiler identification is GNU 11.4.0
[2.306s] -- Detecting C compiler ABI info
[2.306s] -- Detecting C compiler ABI info - done
[2.306s] -- Check for working C compiler: /usr/bin/cc - skipped
[2.306s] -- Detecting C compile features
[2.306s] -- Detecting C compile features - done
[2.306s] -- Detecting CXX compiler ABI info
[2.306s] -- Detecting CXX compiler ABI info - done
[2.307s] -- Check for working CXX compiler: /usr/bin/c++ - skipped
[2.307s] -- Detecting CXX compile features
[2.307s] -- Detecting CXX compile features - done
[2.307s] -- Found ament_cmake: 1.3.5 (/opt/ros/humble/share/ament_cmake/cmake)
[2.307s] -- Found Python3: /usr/bin/python3.10 (found version "3.10.12") found components: Interpreter 
[2.307s] -- Found rclcpp: 16.0.5 (/opt/ros/humble/share/rclcpp/cmake)
[2.307s] -- Found rosidl_generator_c: 3.1.5 (/opt/ros/humble/share/rosidl_generator_c/cmake)
[2.307s] -- Found rosidl_adapter: 3.1.5 (/opt/ros/humble/share/rosidl_adapter/cmake)
[2.307s] -- Found rosidl_generator_cpp: 3.1.5 (/opt/ros/humble/share/rosidl_generator_cpp/cmake)
[2.307s] -- Using all available rosidl_typesupport_c: rosidl_typesupport_fastrtps_c;rosidl_typesupport_introspection_c
[2.307s] -- Using all available rosidl_typesupport_cpp: rosidl_typesupport_fastrtps_cpp;rosidl_typesupport_introspection_cpp
[2.308s] -- Found rmw_implementation_cmake: 6.1.1 (/opt/ros/humble/share/rmw_implementation_cmake/cmake)
[2.308s] -- Found rmw_fastrtps_cpp: 6.2.3 (/opt/ros/humble/share/rmw_fastrtps_cpp/cmake)
[2.308s] -- Found OpenSSL: /usr/lib/x86_64-linux-gnu/libcrypto.so (found version "3.0.2")  
[2.308s] -- Found FastRTPS: /opt/ros/humble/include  
[2.308s] -- Using RMW implementation 'rmw_fastrtps_cpp' as default
[2.308s] -- Looking for pthread.h
[2.308s] -- Looking for pthread.h - found
[2.308s] -- Performing Test CMAKE_HAVE_LIBC_PTHREAD
[2.308s] -- Performing Test CMAKE_HAVE_LIBC_PTHREAD - Success
[2.308s] -- Found Threads: TRUE  
[2.308s] -- Found ament_lint_auto: 0.12.7 (/opt/ros/humble/share/ament_lint_auto/cmake)
[2.309s] -- Added test 'copyright' to check source files copyright and LICENSE
[2.309s] -- Added test 'cppcheck' to perform static code analysis on C / C++ code
[2.309s] -- Configured cppcheck include dirs: 
[2.309s] -- Configured cppcheck exclude dirs and/or files: 
[2.309s] -- Added test 'cpplint' to check C / C++ code against the Google style
[2.309s] -- Configured cpplint exclude dirs and/or files: 
[2.309s] -- Added test 'lint_cmake' to check CMake code style
[2.309s] -- Added test 'uncrustify' to check C / C++ code style
[2.309s] -- Configured uncrustify additional arguments: 
[2.309s] -- Added test 'xmllint' to check XML markup files
[2.309s] -- Configuring done
[2.310s] -- Generating done
[2.310s] -- Build files have been written to: /home/jinhemu/ROS2/colcon_test_ws/build/examples_rclcpp_minimal_timer
[2.325s] Invoked command in '/home/jinhemu/ROS2/colcon_test_ws/build/examples_rclcpp_minimal_timer' returned '0': CMAKE_PREFIX_PATH=/opt/ros/humble /usr/bin/cmake /home/jinhemu/ROS2/colcon_test_ws/src/examples/rclcpp/timers/minimal_timer -DCMAKE_INSTALL_PREFIX=/home/jinhemu/ROS2/colcon_test_ws/install/examples_rclcpp_minimal_timer
[2.326s] Invoking command in '/home/jinhemu/ROS2/colcon_test_ws/build/examples_rclcpp_minimal_timer': CMAKE_PREFIX_PATH=/opt/ros/humble /usr/bin/cmake --build /home/jinhemu/ROS2/colcon_test_ws/build/examples_rclcpp_minimal_timer -- -j12 -l12
[2.528s] [ 25%] [32mBuilding CXX object CMakeFiles/timer_lambda.dir/lambda.cpp.o[0m
[2.528s] [ 50%] [32mBuilding CXX object CMakeFiles/timer_member_function.dir/member_function.cpp.o[0m
[56.196s] [01m[Kc++:[m[K [01;31m[Kfatal error: [m[KÂ∑≤ÊùÄÊ≠ª signal terminated program cc1plus
[56.197s] compilation terminated.
[56.204s] gmake[2]: *** [CMakeFiles/timer_member_function.dir/build.make:76ÔºöCMakeFiles/timer_member_function.dir/member_function.cpp.o] ÈîôËØØ 1
[56.208s] gmake[1]: *** [CMakeFiles/Makefile2:165ÔºöCMakeFiles/timer_member_function.dir/all] ÈîôËØØ 2
[56.208s] gmake[1]: *** Ê≠£Âú®Á≠âÂæÖÊú™ÂÆåÊàêÁöÑ‰ªªÂä°....
[67.812s] [ 75%] [32m[1mLinking CXX executable timer_lambda[0m
[68.517s] [ 75%] Built target timer_lambda
[68.519s] gmake: *** [Makefile:146Ôºöall] ÈîôËØØ 2
