[0.050s] Invoking command in '/home/jinhemu/ROS2/build/examples_rclcpp_minimal_subscriber': CMAKE_PREFIX_PATH=/opt/ros/humble /usr/bin/cmake /home/jinhemu/ROS2/colcon_test_ws/src/examples/rclcpp/topics/minimal_subscriber -DCMAKE_INSTALL_PREFIX=/home/jinhemu/ROS2/install/examples_rclcpp_minimal_subscriber
[2.471s] -- The C compiler identification is GNU 11.4.0
[2.471s] -- The CXX compiler identification is GNU 11.4.0
[2.471s] -- Detecting C compiler ABI info
[2.471s] -- Detecting C compiler ABI info - done
[2.471s] -- Check for working C compiler: /usr/bin/cc - skipped
[2.471s] -- Detecting C compile features
[2.471s] -- Detecting C compile features - done
[2.471s] -- Detecting CXX compiler ABI info
[2.471s] -- Detecting CXX compiler ABI info - done
[2.471s] -- Check for working CXX compiler: /usr/bin/c++ - skipped
[2.471s] -- Detecting CXX compile features
[2.471s] -- Detecting CXX compile features - done
[2.471s] -- Found ament_cmake: 1.3.5 (/opt/ros/humble/share/ament_cmake/cmake)
[2.471s] -- Found Python3: /usr/bin/python3.10 (found version "3.10.12") found components: Interpreter 
[2.472s] -- Found rclcpp: 16.0.5 (/opt/ros/humble/share/rclcpp/cmake)
[2.472s] -- Found rosidl_generator_c: 3.1.5 (/opt/ros/humble/share/rosidl_generator_c/cmake)
[2.472s] -- Found rosidl_adapter: 3.1.5 (/opt/ros/humble/share/rosidl_adapter/cmake)
[2.472s] -- Found rosidl_generator_cpp: 3.1.5 (/opt/ros/humble/share/rosidl_generator_cpp/cmake)
[2.472s] -- Using all available rosidl_typesupport_c: rosidl_typesupport_fastrtps_c;rosidl_typesupport_introspection_c
[2.472s] -- Using all available rosidl_typesupport_cpp: rosidl_typesupport_fastrtps_cpp;rosidl_typesupport_introspection_cpp
[2.472s] -- Found rmw_implementation_cmake: 6.1.1 (/opt/ros/humble/share/rmw_implementation_cmake/cmake)
[2.472s] -- Found rmw_fastrtps_cpp: 6.2.3 (/opt/ros/humble/share/rmw_fastrtps_cpp/cmake)
[2.472s] -- Found OpenSSL: /usr/lib/x86_64-linux-gnu/libcrypto.so (found version "3.0.2")  
[2.472s] -- Found FastRTPS: /opt/ros/humble/include  
[2.472s] -- Using RMW implementation 'rmw_fastrtps_cpp' as default
[2.472s] -- Looking for pthread.h
[2.472s] -- Looking for pthread.h - found
[2.472s] -- Performing Test CMAKE_HAVE_LIBC_PTHREAD
[2.472s] -- Performing Test CMAKE_HAVE_LIBC_PTHREAD - Success
[2.472s] -- Found Threads: TRUE  
[2.473s] -- Found rclcpp_components: 16.0.5 (/opt/ros/humble/share/rclcpp_components/cmake)
[2.473s] -- Found ament_lint_auto: 0.12.7 (/opt/ros/humble/share/ament_lint_auto/cmake)
[2.473s] -- Added test 'copyright' to check source files copyright and LICENSE
[2.473s] -- Added test 'cppcheck' to perform static code analysis on C / C++ code
[2.473s] -- Configured cppcheck include dirs: 
[2.473s] -- Configured cppcheck exclude dirs and/or files: 
[2.473s] -- Added test 'cpplint' to check C / C++ code against the Google style
[2.473s] -- Configured cpplint exclude dirs and/or files: 
[2.473s] -- Added test 'lint_cmake' to check CMake code style
[2.473s] -- Added test 'uncrustify' to check C / C++ code style
[2.473s] -- Configured uncrustify additional arguments: 
[2.473s] -- Added test 'xmllint' to check XML markup files
[2.473s] -- Configuring done
[2.486s] -- Generating done
[2.489s] -- Build files have been written to: /home/jinhemu/ROS2/build/examples_rclcpp_minimal_subscriber
[2.511s] Invoked command in '/home/jinhemu/ROS2/build/examples_rclcpp_minimal_subscriber' returned '0': CMAKE_PREFIX_PATH=/opt/ros/humble /usr/bin/cmake /home/jinhemu/ROS2/colcon_test_ws/src/examples/rclcpp/topics/minimal_subscriber -DCMAKE_INSTALL_PREFIX=/home/jinhemu/ROS2/install/examples_rclcpp_minimal_subscriber
[2.512s] Invoking command in '/home/jinhemu/ROS2/build/examples_rclcpp_minimal_subscriber': CMAKE_PREFIX_PATH=/opt/ros/humble /usr/bin/cmake --build /home/jinhemu/ROS2/build/examples_rclcpp_minimal_subscriber -- -j12 -l12
[2.577s] [  4%] [32mBuilding CXX object CMakeFiles/subscriber_member_function.dir/member_function.cpp.o[0m
[2.595s] [  8%] [32mBuilding CXX object CMakeFiles/subscriber_member_function_with_type_adapter.dir/member_function_with_type_adapter.cpp.o[0m
[2.601s] [ 12%] [32mBuilding CXX object CMakeFiles/subscriber_content_filtering.dir/content_filtering.cpp.o[0m
[2.604s] [ 16%] [32mBuilding CXX object CMakeFiles/time_triggered_wait_set_subscriber.dir/rclcpp_components/node_main_time_triggered_wait_set_subscriber.cpp.o[0m
[2.611s] [ 20%] [32mBuilding CXX object CMakeFiles/subscriber_lambda.dir/lambda.cpp.o[0m
[2.640s] [ 25%] [32mBuilding CXX object CMakeFiles/subscriber_not_composable.dir/not_composable.cpp.o[0m
[2.640s] [ 29%] [32mBuilding CXX object CMakeFiles/wait_set_subscriber_library.dir/wait_set_subscriber.cpp.o[0m
[2.640s] [ 33%] [32mBuilding CXX object CMakeFiles/wait_set_subscriber.dir/rclcpp_components/node_main_wait_set_subscriber.cpp.o[0m
[2.640s] [ 37%] [32mBuilding CXX object CMakeFiles/subscriber_member_function_with_topic_statistics.dir/member_function_with_topic_statistics.cpp.o[0m
[2.656s] [ 41%] [32mBuilding CXX object CMakeFiles/wait_set_subscriber_library.dir/static_wait_set_subscriber.cpp.o[0m
[2.673s] [ 45%] [32mBuilding CXX object CMakeFiles/subscriber_member_function_with_unique_network_flow_endpoints.dir/member_function_with_unique_network_flow_endpoints.cpp.o[0m
[2.705s] [ 50%] [32mBuilding CXX object CMakeFiles/static_wait_set_subscriber.dir/rclcpp_components/node_main_static_wait_set_subscriber.cpp.o[0m
[119.997s] [01m[Kc++:[m[K [01;31m[Kfatal error: [m[KÂ∑≤ÊùÄÊ≠ª signal terminated program cc1plus
[120.002s] compilation terminated.
[120.002s] gmake[2]: *** [CMakeFiles/subscriber_member_function_with_unique_network_flow_endpoints.dir/build.make:76ÔºöCMakeFiles/subscriber_member_function_with_unique_network_flow_endpoints.dir/member_function_with_unique_network_flow_endpoints.cpp.o] ÈîôËØØ 1
[120.002s] gmake[1]: *** [CMakeFiles/Makefile2:261ÔºöCMakeFiles/subscriber_member_function_with_unique_network_flow_endpoints.dir/all] ÈîôËØØ 2
[120.002s] gmake[1]: *** Ê≠£Âú®Á≠âÂæÖÊú™ÂÆåÊàêÁöÑ‰ªªÂä°....
[213.662s] [01m[Kc++:[m[K [01;31m[Kfatal error: [m[KÂ∑≤ÊùÄÊ≠ª signal terminated program cc1plus
[213.672s] compilation terminated.
[213.672s] gmake[2]: *** [CMakeFiles/wait_set_subscriber_library.dir/build.make:76ÔºöCMakeFiles/wait_set_subscriber_library.dir/wait_set_subscriber.cpp.o] ÈîôËØØ 1
[213.672s] gmake[2]: *** Ê≠£Âú®Á≠âÂæÖÊú™ÂÆåÊàêÁöÑ‰ªªÂä°....
