gmake[2]: *** [CMakeFiles/publisher_lambda.dir/build.make:76: CMakeFiles/publisher_lambda.dir/lambda.cpp.o] 中断
gmake[2]: *** [CMakeFiles/publisher_member_function_with_type_adapter.dir/build.make:76: CMakeFiles/publisher_member_function_with_type_adapter.dir/member_function_with_type_adapter.cpp.o] 中断
gmake[2]: *** [CMakeFiles/publisher_member_function.dir/build.make:76: CMakeFiles/publisher_member_function.dir/member_function.cpp.o] 中断
gmake[1]: *** [CMakeFiles/Makefile2:147: CMakeFiles/publisher_lambda.dir/all] 中断
gmake[1]: *** [CMakeFiles/Makefile2:199: CMakeFiles/publisher_member_function_with_type_adapter.dir/all] 中断
gmake[2]: *** [CMakeFiles/publisher_member_function_with_unique_network_flow_endpoints.dir/build.make:76: CMakeFiles/publisher_member_function_with_unique_network_flow_endpoints.dir/member_function_with_unique_network_flow_endpoints.cpp.o] 中断
gmake[2]: *** wait: 没有子进程。 停止。
gmake[2]: *** 正在等待未完成的任务....
gmake[2]: *** wait: 没有子进程。 停止。
gmake[1]: *** [CMakeFiles/Makefile2:173: CMakeFiles/publisher_member_function.dir/all] 中断
gmake[1]: *** [CMakeFiles/Makefile2:225: CMakeFiles/publisher_member_function_with_unique_network_flow_endpoints.dir/all] 中断
gmake[1]: *** [CMakeFiles/Makefile2:251：CMakeFiles/publisher_wait_for_all_acked.dir/all] 错误 2
gmake[2]: *** wait: 没有子进程。 停止。
gmake[2]: *** 正在等待未完成的任务....
gmake[2]: *** wait: 没有子进程。 停止。
gmake[1]: *** [CMakeFiles/Makefile2:277：CMakeFiles/publisher_not_composable.dir/all] 错误 2
gmake: *** [Makefile:146: all] 中断
