[0.053s] Invoking command in '/home/jinhemu/ROS2/build/examples_rclcpp_minimal_publisher': CMAKE_PREFIX_PATH=/opt/ros/humble /usr/bin/cmake --build /home/jinhemu/ROS2/build/examples_rclcpp_minimal_publisher -- -j12 -l12
[0.229s] [  8%] [32mBuilding CXX object CMakeFiles/publisher_member_function.dir/member_function.cpp.o[0m
[0.229s] [ 16%] [32mBuilding CXX object CMakeFiles/publisher_lambda.dir/lambda.cpp.o[0m
[0.229s] [ 25%] [32mBuilding CXX object CMakeFiles/publisher_member_function_with_type_adapter.dir/member_function_with_type_adapter.cpp.o[0m
[0.249s] [ 33%] [32mBuilding CXX object CMakeFiles/publisher_not_composable.dir/not_composable.cpp.o[0m
[0.249s] [ 41%] [32mBuilding CXX object CMakeFiles/publisher_wait_for_all_acked.dir/member_function_with_wait_for_all_acked.cpp.o[0m
[0.264s] [ 50%] [32mBuilding CXX object CMakeFiles/publisher_member_function_with_unique_network_flow_endpoints.dir/member_function_with_unique_network_flow_endpoints.cpp.o[0m
[7.024s] gmake[2]: *** [CMakeFiles/publisher_lambda.dir/build.make:76: CMakeFiles/publisher_lambda.dir/lambda.cpp.o] ä¸­æ–­
[7.025s] gmake[2]: *** [CMakeFiles/publisher_member_function_with_type_adapter.dir/build.make:76: CMakeFiles/publisher_member_function_with_type_adapter.dir/member_function_with_type_adapter.cpp.o] ä¸­æ–­
[7.025s] gmake[2]: *** [CMakeFiles/publisher_member_function.dir/build.make:76: CMakeFiles/publisher_member_function.dir/member_function.cpp.o] ä¸­æ–­
[7.025s] gmake[1]: *** [CMakeFiles/Makefile2:147: CMakeFiles/publisher_lambda.dir/all] ä¸­æ–­
[7.025s] gmake[1]: *** [CMakeFiles/Makefile2:199: CMakeFiles/publisher_member_function_with_type_adapter.dir/all] ä¸­æ–­
[7.025s] gmake[2]: *** [CMakeFiles/publisher_member_function_with_unique_network_flow_endpoints.dir/build.make:76: CMakeFiles/publisher_member_function_with_unique_network_flow_endpoints.dir/member_function_with_unique_network_flow_endpoints.cpp.o] ä¸­æ–­
[7.025s] gmake[2]: *** wait: æ²¡æœ‰å­è¿›ç¨‹ã€‚ åœæ­¢ã€‚
[7.025s] gmake[2]: *** æ­£åœ¨ç­‰å¾…æœªå®Œæˆçš„ä»»åŠ¡....
[7.025s] gmake[2]: *** wait: æ²¡æœ‰å­è¿›ç¨‹ã€‚ åœæ­¢ã€‚
[7.028s] gmake[1]: *** [CMakeFiles/Makefile2:173: CMakeFiles/publisher_member_function.dir/all] ä¸­æ–­
[7.028s] gmake[1]: *** [CMakeFiles/Makefile2:225: CMakeFiles/publisher_member_function_with_unique_network_flow_endpoints.dir/all] ä¸­æ–­
[7.028s] gmake[1]: *** [CMakeFiles/Makefile2:251ï¼šCMakeFiles/publisher_wait_for_all_acked.dir/all] é”™è¯¯ 2
[7.033s] gmake[2]: *** wait: æ²¡æœ‰å­è¿›ç¨‹ã€‚ åœæ­¢ã€‚
[7.033s] gmake[2]: *** æ­£åœ¨ç­‰å¾…æœªå®Œæˆçš„ä»»åŠ¡....
[7.033s] gmake[2]: *** wait: æ²¡æœ‰å­è¿›ç¨‹ã€‚ åœæ­¢ã€‚
[7.034s] gmake[1]: *** [CMakeFiles/Makefile2:277ï¼šCMakeFiles/publisher_not_composable.dir/all] é”™è¯¯ 2
[7.034s] gmake: *** [Makefile:146: all] ä¸­æ–­
[7.177s] Invoked command in '/home/jinhemu/ROS2/build/examples_rclcpp_minimal_publisher' returned '-2': CMAKE_PREFIX_PATH=/opt/ros/humble /usr/bin/cmake --build /home/jinhemu/ROS2/build/examples_rclcpp_minimal_publisher -- -j12 -l12
