[0.195s] Invoking command in '/home/jinhemu/ROS2/town_ws/build/village_wang': CMAKE_PREFIX_PATH=${CMAKE_PREFIX_PATH}:/home/jinhemu/ROS2/town_ws/install/village_li:/opt/ros/humble /usr/bin/cmake --build /home/jinhemu/ROS2/town_ws/build/village_wang -- -j12 -l12
[0.226s] [35m[1mConsolidate compiler generated dependencies of target wang2_node[0m
[0.238s] [ 50%] [32mBuilding CXX object CMakeFiles/wang2_node.dir/src/wang2.cpp.o[0m
[1.795s] [01m[K/home/jinhemu/ROS2/town_ws/src/village_wang/src/wang2.cpp:9:5:[m[K [01;31m[Kerror: [m[Kextra qualification ‚Äò[01m[KSingleDogNode::[m[K‚Äô on member ‚Äò[01m[KSingleDogNode[m[K‚Äô [[01;31m[K]8;;https://gcc.gnu.org/onlinedocs/gcc/Warning-Options.html#index-fpermissive-fpermissive]8;;[m[K]
[1.795s]     9 |     [01;31m[KSingleDogNode[m[K::SingleDogNode(std::string name):Node(name)
[1.795s]       |     [01;31m[K^~~~~~~~~~~~~[m[K
[1.799s] In file included from [01m[K/opt/ros/humble/include/rclcpp/rclcpp/logging.hpp:24[m[K,
[1.799s]                  from [01m[K/opt/ros/humble/include/rclcpp/rclcpp/client.hpp:40[m[K,
[1.799s]                  from [01m[K/opt/ros/humble/include/rclcpp/rclcpp/callback_group.hpp:24[m[K,
[1.800s]                  from [01m[K/opt/ros/humble/include/rclcpp/rclcpp/any_executable.hpp:20[m[K,
[1.800s]                  from [01m[K/opt/ros/humble/include/rclcpp/rclcpp/memory_strategy.hpp:25[m[K,
[1.800s]                  from [01m[K/opt/ros/humble/include/rclcpp/rclcpp/memory_strategies.hpp:18[m[K,
[1.800s]                  from [01m[K/opt/ros/humble/include/rclcpp/rclcpp/executor_options.hpp:20[m[K,
[1.800s]                  from [01m[K/opt/ros/humble/include/rclcpp/rclcpp/executor.hpp:37[m[K,
[1.800s]                  from [01m[K/opt/ros/humble/include/rclcpp/rclcpp/executors/multi_threaded_executor.hpp:25[m[K,
[1.800s]                  from [01m[K/opt/ros/humble/include/rclcpp/rclcpp/executors.hpp:21[m[K,
[1.800s]                  from [01m[K/opt/ros/humble/include/rclcpp/rclcpp/rclcpp.hpp:155[m[K,
[1.800s]                  from [01m[K/home/jinhemu/ROS2/town_ws/src/village_wang/src/wang2.cpp:1[m[K:
[1.800s] [01m[K/home/jinhemu/ROS2/town_ws/src/village_wang/src/wang2.cpp:[m[K In constructor ‚Äò[01m[KSingleDogNode::SingleDogNode(std::string)[m[K‚Äô:
[1.800s] [01m[K/home/jinhemu/ROS2/town_ws/src/village_wang/src/wang2.cpp:11:68:[m[K [01;31m[Kerror: [m[Kinvalid use of non-static member function ‚Äò[01m[Kconst _CharT* std::__cxx11::basic_string<_CharT, _Traits, _Alloc>::c_str() const [with _CharT = char; _Traits = std::char_traits<char>; _Alloc = std::allocator<char>][m[K‚Äô
[1.800s]    11 |         RCLCPP_INFO(this->get_logger(),"Â§ßÂÆ∂Â•ΩÊàëÊòØÂçïË∫´Áãó%s.", [01;31m[Kname.c_str[m[K);
[1.800s]       |                                                               [01;31m[K~~~~~^~~~~[m[K
[1.800s] In file included from [01m[K/usr/include/c++/11/string:55[m[K,
[1.800s]                  from [01m[K/usr/include/c++/11/stdexcept:39[m[K,
[1.800s]                  from [01m[K/usr/include/c++/11/system_error:41[m[K,
[1.800s]                  from [01m[K/usr/include/c++/11/mutex:42[m[K,
[1.800s]                  from [01m[K/usr/include/c++/11/future:38[m[K,
[1.800s]                  from [01m[K/opt/ros/humble/include/rclcpp/rclcpp/executors.hpp:18[m[K,
[1.800s]                  from [01m[K/opt/ros/humble/include/rclcpp/rclcpp/rclcpp.hpp:155[m[K,
[1.800s]                  from [01m[K/home/jinhemu/ROS2/town_ws/src/village_wang/src/wang2.cpp:1[m[K:
[1.800s] [01m[K/usr/include/c++/11/bits/basic_string.h:2320:7:[m[K [01;36m[Knote: [m[Kdeclared here
[1.800s]  2320 |       [01;36m[Kc_str[m[K() const _GLIBCXX_NOEXCEPT
[1.800s]       |       [01;36m[K^~~~~[m[K
[2.103s] gmake[2]: *** [CMakeFiles/wang2_node.dir/build.make:76ÔºöCMakeFiles/wang2_node.dir/src/wang2.cpp.o] ÈîôËØØ 1
[2.103s] gmake[1]: *** [CMakeFiles/Makefile2:137ÔºöCMakeFiles/wang2_node.dir/all] ÈîôËØØ 2
[2.103s] gmake: *** [Makefile:146Ôºöall] ÈîôËØØ 2
[2.104s] Invoked command in '/home/jinhemu/ROS2/town_ws/build/village_wang' returned '2': CMAKE_PREFIX_PATH=${CMAKE_PREFIX_PATH}:/home/jinhemu/ROS2/town_ws/install/village_li:/opt/ros/humble /usr/bin/cmake --build /home/jinhemu/ROS2/town_ws/build/village_wang -- -j12 -l12
